[0.367s] Invoking command in '/home/xj/town_ws/src/village_li': PYTHONPATH=/home/xj/town_ws/src/build/village_li/prefix_override:/usr/lib/python3/dist-packages/colcon_core/task/python/colcon_distutils_commands:/home/xj/town_ws/src/install/village_li/lib/python3.10/site-packages:${PYTHONPATH} /usr/bin/python3 -W ignore:setup.py install is deprecated -W ignore:easy_install command is deprecated setup.py egg_info --egg-base ../build/village_li build --build-base /home/xj/town_ws/src/build/village_li/build install --record /home/xj/town_ws/src/build/village_li/install.log --single-version-externally-managed install_data
[0.491s] running egg_info
[0.492s] creating ../build/village_li/village_li.egg-info
[0.492s] writing ../build/village_li/village_li.egg-info/PKG-INFO
[0.492s] writing dependency_links to ../build/village_li/village_li.egg-info/dependency_links.txt
[0.492s] writing entry points to ../build/village_li/village_li.egg-info/entry_points.txt
[0.492s] writing requirements to ../build/village_li/village_li.egg-info/requires.txt
[0.492s] writing top-level names to ../build/village_li/village_li.egg-info/top_level.txt
[0.492s] writing manifest file '../build/village_li/village_li.egg-info/SOURCES.txt'
[0.493s] reading manifest file '../build/village_li/village_li.egg-info/SOURCES.txt'
[0.493s] writing manifest file '../build/village_li/village_li.egg-info/SOURCES.txt'
[0.493s] running build
[0.493s] running build_py
[0.493s] creating /home/xj/town_ws/src/build/village_li/build
[0.493s] creating /home/xj/town_ws/src/build/village_li/build/lib
[0.493s] creating /home/xj/town_ws/src/build/village_li/build/lib/village_li
[0.493s] copying village_li/li4.py -> /home/xj/town_ws/src/build/village_li/build/lib/village_li
[0.493s] copying village_li/__init__.py -> /home/xj/town_ws/src/build/village_li/build/lib/village_li
[0.494s] running install
[0.494s] running install_lib
[0.494s] creating /home/xj/town_ws/src/install/village_li/lib/python3.10/site-packages/village_li
[0.494s] copying /home/xj/town_ws/src/build/village_li/build/lib/village_li/li4.py -> /home/xj/town_ws/src/install/village_li/lib/python3.10/site-packages/village_li
[0.494s] copying /home/xj/town_ws/src/build/village_li/build/lib/village_li/__init__.py -> /home/xj/town_ws/src/install/village_li/lib/python3.10/site-packages/village_li
[0.494s] byte-compiling /home/xj/town_ws/src/install/village_li/lib/python3.10/site-packages/village_li/li4.py to li4.cpython-310.pyc
[0.495s] byte-compiling /home/xj/town_ws/src/install/village_li/lib/python3.10/site-packages/village_li/__init__.py to __init__.cpython-310.pyc
[0.495s] running install_data
[0.495s] creating /home/xj/town_ws/src/install/village_li/share/ament_index
[0.495s] creating /home/xj/town_ws/src/install/village_li/share/ament_index/resource_index
[0.495s] creating /home/xj/town_ws/src/install/village_li/share/ament_index/resource_index/packages
[0.495s] copying resource/village_li -> /home/xj/town_ws/src/install/village_li/share/ament_index/resource_index/packages
[0.495s] copying package.xml -> /home/xj/town_ws/src/install/village_li/share/village_li
[0.495s] running install_egg_info
[0.496s] Copying ../build/village_li/village_li.egg-info to /home/xj/town_ws/src/install/village_li/lib/python3.10/site-packages/village_li-0.0.0-py3.10.egg-info
[0.496s] running install_scripts
[0.507s] writing list of installed files to '/home/xj/town_ws/src/build/village_li/install.log'
[0.520s] Invoked command in '/home/xj/town_ws/src/village_li' returned '0': PYTHONPATH=/home/xj/town_ws/src/build/village_li/prefix_override:/usr/lib/python3/dist-packages/colcon_core/task/python/colcon_distutils_commands:/home/xj/town_ws/src/install/village_li/lib/python3.10/site-packages:${PYTHONPATH} /usr/bin/python3 -W ignore:setup.py install is deprecated -W ignore:easy_install command is deprecated setup.py egg_info --egg-base ../build/village_li build --build-base /home/xj/town_ws/src/build/village_li/build install --record /home/xj/town_ws/src/build/village_li/install.log --single-version-externally-managed install_data
