running egg_info
writing ../build/village_li/village_li.egg-info/PKG-INFO
writing dependency_links to ../build/village_li/village_li.egg-info/dependency_links.txt
writing entry points to ../build/village_li/village_li.egg-info/entry_points.txt
writing requirements to ../build/village_li/village_li.egg-info/requires.txt
writing top-level names to ../build/village_li/village_li.egg-info/top_level.txt
reading manifest file '../build/village_li/village_li.egg-info/SOURCES.txt'
writing manifest file '../build/village_li/village_li.egg-info/SOURCES.txt'
running build
running build_py
copying village_li/li4.pop.py -> /home/xj/town_ws/src/build/village_li/build/lib/village_li
running install
running install_lib
copying /home/xj/town_ws/src/build/village_li/build/lib/village_li/li4.pop.py -> /home/xj/town_ws/src/install/village_li/lib/python3.10/site-packages/village_li
byte-compiling /home/xj/town_ws/src/install/village_li/lib/python3.10/site-packages/village_li/li4.pop.py to li4.pop.cpython-310.pyc
running install_data
running install_egg_info
removing '/home/xj/town_ws/src/install/village_li/lib/python3.10/site-packages/village_li-0.0.0-py3.10.egg-info' (and everything under it)
Copying ../build/village_li/village_li.egg-info to /home/xj/town_ws/src/install/village_li/lib/python3.10/site-packages/village_li-0.0.0-py3.10.egg-info
running install_scripts
writing list of installed files to '/home/xj/town_ws/src/build/village_li/install.log'
