[0.326s] Invoking command in '/home/xj/town_ws/src/village_li': PYTHONPATH=/home/xj/town_ws/src/build/village_li/prefix_override:/usr/lib/python3/dist-packages/colcon_core/task/python/colcon_distutils_commands:/home/xj/town_ws/src/install/village_li/lib/python3.10/site-packages:${PYTHONPATH} /usr/bin/python3 -W ignore:setup.py install is deprecated -W ignore:easy_install command is deprecated setup.py egg_info --egg-base ../build/village_li build --build-base /home/xj/town_ws/src/build/village_li/build install --record /home/xj/town_ws/src/build/village_li/install.log --single-version-externally-managed install_data
[0.440s] running egg_info
[0.441s] writing ../build/village_li/village_li.egg-info/PKG-INFO
[0.441s] writing dependency_links to ../build/village_li/village_li.egg-info/dependency_links.txt
[0.441s] writing entry points to ../build/village_li/village_li.egg-info/entry_points.txt
[0.441s] writing requirements to ../build/village_li/village_li.egg-info/requires.txt
[0.441s] writing top-level names to ../build/village_li/village_li.egg-info/top_level.txt
[0.442s] reading manifest file '../build/village_li/village_li.egg-info/SOURCES.txt'
[0.442s] writing manifest file '../build/village_li/village_li.egg-info/SOURCES.txt'
[0.442s] running build
[0.442s] running build_py
[0.442s] copying village_li/li4.pop.py -> /home/xj/town_ws/src/build/village_li/build/lib/village_li
[0.442s] running install
[0.443s] running install_lib
[0.443s] copying /home/xj/town_ws/src/build/village_li/build/lib/village_li/li4.pop.py -> /home/xj/town_ws/src/install/village_li/lib/python3.10/site-packages/village_li
[0.443s] byte-compiling /home/xj/town_ws/src/install/village_li/lib/python3.10/site-packages/village_li/li4.pop.py to li4.pop.cpython-310.pyc
[0.443s] running install_data
[0.443s] running install_egg_info
[0.444s] removing '/home/xj/town_ws/src/install/village_li/lib/python3.10/site-packages/village_li-0.0.0-py3.10.egg-info' (and everything under it)
[0.444s] Copying ../build/village_li/village_li.egg-info to /home/xj/town_ws/src/install/village_li/lib/python3.10/site-packages/village_li-0.0.0-py3.10.egg-info
[0.445s] running install_scripts
[0.455s] writing list of installed files to '/home/xj/town_ws/src/build/village_li/install.log'
[0.467s] Invoked command in '/home/xj/town_ws/src/village_li' returned '0': PYTHONPATH=/home/xj/town_ws/src/build/village_li/prefix_override:/usr/lib/python3/dist-packages/colcon_core/task/python/colcon_distutils_commands:/home/xj/town_ws/src/install/village_li/lib/python3.10/site-packages:${PYTHONPATH} /usr/bin/python3 -W ignore:setup.py install is deprecated -W ignore:easy_install command is deprecated setup.py egg_info --egg-base ../build/village_li build --build-base /home/xj/town_ws/src/build/village_li/build install --record /home/xj/town_ws/src/build/village_li/install.log --single-version-externally-managed install_data
